<?xml version="1.0" encoding="UTF-8" ?>
<testsuite errors="0" failures="0" hostname="osboxes" name="ToDoListTest" skipped="0" tests="6" time="0.343" timestamp="2020-10-16T13:35:38">
  <properties>
[...]
</properties>
  <testcase classname="ToDoListTest" name="testAddTask" time="0.014" />
  <testcase classname="ToDoListTest" name="testGetCompletedTasks" time="0.0" />
  <testcase classname="ToDoListTest" name="testGetNumberofTask" time="0.0" />
  <testcase classname="ToDoListTest" name="testgetStatus" time="0.0" />
  <testcase classname="ToDoListTest" name="testRemoveTask" time="0.0" />
  <testcase classname="ToDoListTest" name="testSetDate" time="0.001" />
  <system-out><![CDATA[]]></system-out>
  <system-err><![CDATA[]]></system-err>
</testsuite>
